<?xml version="1.0" encoding="UTF-8"?>
<!-- Generated by org.testng.reporters.JUnitReportReporter -->
<testsuite hostname="DESKTOP-9L0A953" failures="0" tests="1" name="testCases.Tc_001_LogInTest" time="0.697" errors="0" timestamp="2023-05-29T16:52:59 IST" skipped="0">
  <testcase classname="testCases.Tc_001_LogInTest" name="test_LogIn" time="0.697"/>
  <system-out/>
</testsuite> <!-- testCases.Tc_001_LogInTest -->
