<?xml version="1.0" encoding="UTF-8"?>
<!-- Generated by org.testng.reporters.JUnitReportReporter -->
<testsuite hostname="DESKTOP-9L0A953" failures="0" tests="1" name="testCases.Tc_001_LogInTest" time="1.006" errors="0" timestamp="2023-05-29T18:12:16 IST" skipped="0">
  <testcase classname="testCases.Tc_001_LogInTest" name="test_LogIn" time="1.006"/>
</testsuite> <!-- testCases.Tc_001_LogInTest -->
